
> meridian-backend@1.0.0 dev
> tsx watch src/index.ts

Meridian backend running on :3001
1:54:47 PM [tsx] change in ./src\agents\healthAgent.ts Rerunning...
cnode:events:486
      throw er; // Unhandled 'error' event
      ^

Error: listen EADDRINUSE: address already in use :::3001
    at Server.setupListenHandle [as _listen2] (node:net:2008:16)
    at listenInCluster (node:net:2065:12)
    at Server.listen (node:net:2170:7)
    at app.listen (c:\Users\DELL\Documents\GitHub\meridian\backend\node_modules\express\lib\application.js:635:24)
    at <anonymous> (c:\Users\DELL\Documents\GitHub\meridian\backend\src\index.ts:19:5)
    at ModuleJob.run (node:internal/modules/esm/module_job:430:25)
    at async node:internal/modules/esm/loader:639:26
    at async asyncRunEntryPointWithESMLoader (node:internal/modules/run_main:101:5)
Emitted 'error' event on Server instance at:
    at emitErrorNT (node:net:2044:8)
    at process.processTicksAndRejections (node:internal/process/task_queues:90:21) {
  code: 'EADDRINUSE',
  errno: -4091,
  syscall: 'listen',
  address: '::',
  port: 3001
}

Node.js v25.8.2
2:00:11 PM [tsx] change in ./src\agents\healthAgent.ts Rerunning...
cnode:events:486
      throw er; // Unhandled 'error' event
      ^

Error: listen EADDRINUSE: address already in use :::3001
    at Server.setupListenHandle [as _listen2] (node:net:2008:16)
    at listenInCluster (node:net:2065:12)
    at Server.listen (node:net:2170:7)
    at app.listen (c:\Users\DELL\Documents\GitHub\meridian\backend\node_modules\express\lib\application.js:635:24)
    at <anonymous> (c:\Users\DELL\Documents\GitHub\meridian\backend\src\index.ts:19:5)
    at ModuleJob.run (node:internal/modules/esm/module_job:430:25)
    at async node:internal/modules/esm/loader:639:26
    at async asyncRunEntryPointWithESMLoader (node:internal/modules/run_main:101:5)
Emitted 'error' event on Server instance at:
    at emitErrorNT (node:net:2044:8)
    at process.processTicksAndRejections (node:internal/process/task_queues:90:21) {
  code: 'EADDRINUSE',
  errno: -4091,
  syscall: 'listen',
  address: '::',
  port: 3001
}

Node.js v25.8.2
2:04:41 PM [tsx] change in ./src\agents\healthAgent.ts Rerunning...
cMeridian backend running on :3001
2:04:54 PM [tsx] change in ./src\agents\healthAgent.ts Restarting...
cMeridian backend running on :3001
2:05:43 PM [tsx] change in ./src\agents\healthAgent.ts Restarting...
cnode:events:486
      throw er; // Unhandled 'error' event
      ^

Error: listen EADDRINUSE: address already in use :::3001
    at Server.setupListenHandle [as _listen2] (node:net:2008:16)
    at listenInCluster (node:net:2065:12)
    at Server.listen (node:net:2170:7)
    at app.listen (c:\Users\DELL\Documents\GitHub\meridian\backend\node_modules\express\lib\application.js:635:24)
    at <anonymous> (c:\Users\DELL\Documents\GitHub\meridian\backend\src\index.ts:19:5)
    at ModuleJob.run (node:internal/modules/esm/module_job:430:25)
    at async node:internal/modules/esm/loader:639:26
    at async asyncRunEntryPointWithESMLoader (node:internal/modules/run_main:101:5)
Emitted 'error' event on Server instance at:
    at emitErrorNT (node:net:2044:8)
    at process.processTicksAndRejections (node:internal/process/task_queues:90:21) {
  code: 'EADDRINUSE',
  errno: -4091,
  syscall: 'listen',
  address: '::',
  port: 3001
}

Node.js v25.8.2
2:06:41 PM [tsx] change in ./src\agents\healthAgent.ts Rerunning...
cnode:events:486
      throw er; // Unhandled 'error' event
      ^

Error: listen EADDRINUSE: address already in use :::3001
    at Server.setupListenHandle [as _listen2] (node:net:2008:16)
    at listenInCluster (node:net:2065:12)
    at Server.listen (node:net:2170:7)
    at app.listen (c:\Users\DELL\Documents\GitHub\meridian\backend\node_modules\express\lib\application.js:635:24)
    at <anonymous> (c:\Users\DELL\Documents\GitHub\meridian\backend\src\index.ts:19:5)
    at ModuleJob.run (node:internal/modules/esm/module_job:430:25)
    at async node:internal/modules/esm/loader:639:26
    at async asyncRunEntryPointWithESMLoader (node:internal/modules/run_main:101:5)
Emitted 'error' event on Server instance at:
    at emitErrorNT (node:net:2044:8)
    at process.processTicksAndRejections (node:internal/process/task_queues:90:21) {
  code: 'EADDRINUSE',
  errno: -4091,
  syscall: 'listen',
  address: '::',
  port: 3001
}

Node.js v25.8.2
2:16:44 PM [tsx] change in ./src\agents\healthAgent.ts Rerunning...
cnode:events:486
      throw er; // Unhandled 'error' event
      ^

Error: listen EADDRINUSE: address already in use :::3001
    at Server.setupListenHandle [as _listen2] (node:net:2008:16)
    at listenInCluster (node:net:2065:12)
    at Server.listen (node:net:2170:7)
    at app.listen (c:\Users\DELL\Documents\GitHub\meridian\backend\node_modules\express\lib\application.js:635:24)
    at <anonymous> (c:\Users\DELL\Documents\GitHub\meridian\backend\src\index.ts:19:5)
    at ModuleJob.run (node:internal/modules/esm/module_job:430:25)
    at async node:internal/modules/esm/loader:639:26
    at async asyncRunEntryPointWithESMLoader (node:internal/modules/run_main:101:5)
Emitted 'error' event on Server instance at:
    at emitErrorNT (node:net:2044:8)
    at process.processTicksAndRejections (node:internal/process/task_queues:90:21) {
  code: 'EADDRINUSE',
  errno: -4091,
  syscall: 'listen',
  address: '::',
  port: 3001
}

Node.js v25.8.2
